14:52:45 :Config Path :D:\Projects\DiviPOS_BackService\bin\Win64\Shogun.dbs Found
14:52:45 :Database Successfull connected
14:52:45 :Database Version is 1
14:52:45 :Current Database Version is 1
14:52:45 :DiviPOS Backservice Started
14:52:45 :Load parameter
14:52:45 :Load parameter Success : Branchid = DDR URLAddress = http://divipos.app/
14:52:45 :DiviPOS Backservice initServiceTask
14:52:50 :Heartbeat POS Run
14:52:50 :[Debug] Captured Time : 4/26/2016 2:52:50 PM
14:52:50 :[Debug] Selected Record : 0
14:52:50 :Finally Run
14:52:55 :Heartbeat POS Run
14:52:55 :[Debug] Captured Time : 4/26/2016 2:52:55 PM
14:52:55 :[Debug] Selected Record : 0
14:52:55 :Finally Run
14:53:00 :Heartbeat POS Run
14:53:00 :[Debug] Captured Time : 4/26/2016 2:53:00 PM
14:53:00 :[Debug] Selected Record : 0
14:53:00 :Finally Run
14:53:05 :Heartbeat POS Run
14:53:05 :[Debug] Captured Time : 4/26/2016 2:53:05 PM
14:53:05 :[Debug] Selected Record : 0
14:53:05 :Finally Run
14:53:10 :Heartbeat POS Run
14:53:10 :[Debug] Captured Time : 4/26/2016 2:53:10 PM
14:53:10 :[Debug] Selected Record : 0
14:53:10 :Finally Run
14:53:15 :Heartbeat POS Run
14:53:15 :[Debug] Captured Time : 4/26/2016 2:53:15 PM
14:53:15 :[Debug] Selected Record : 0
14:53:15 :Finally Run
14:53:15 :DiviPOS Backservice Stopped
